<?xml version="1.0" encoding="UTF-8"?>
<!-- Generated by org.testng.reporters.JUnitReportReporter -->
<testsuite hostname="LAPTOP-I1KPM2CO" failures="0" tests="2" name="testCases.TC002_LoginTest" time="2.787" errors="0" timestamp="2025-03-08T17:43:49 IST" skipped="0">
  <testcase classname="testCases.TC002_LoginTest" name="verify_login" time="1.269"/>
  <testcase classname="testCases.TC002_LoginTest" name="verify_login" time="1.518"/>
</testsuite> <!-- testCases.TC002_LoginTest -->
