<?xml version="1.0" encoding="UTF-8"?>
<!-- Generated by org.testng.reporters.JUnitReportReporter -->
<testsuite hostname="LAPTOP-I1KPM2CO" failures="0" tests="2" name="testCases.TC001_AccountRegistrationTest" time="4.385" errors="0" timestamp="2025-03-08T17:43:49 IST" skipped="0">
  <testcase classname="testCases.TC001_AccountRegistrationTest" name="verify_account_registration" time="2.446"/>
  <testcase classname="testCases.TC001_AccountRegistrationTest" name="verify_account_registration" time="1.939"/>
</testsuite> <!-- testCases.TC001_AccountRegistrationTest -->
