<?xml version="1.0" encoding="UTF-8"?>
<!-- Generated by org.testng.reporters.JUnitReportReporter -->
<testsuite hostname="LAPTOP-I1KPM2CO" failures="0" tests="1" name="testCases.TC002_LoginTest" time="2.817" errors="0" timestamp="2025-03-11T17:54:24 IST" skipped="0">
  <testcase classname="testCases.TC002_LoginTest" name="verify_login" time="2.817"/>
</testsuite> <!-- testCases.TC002_LoginTest -->
